<?xml version="1.0" encoding="UTF-8"?>
<!-- Generated by org.testng.reporters.JUnitXMLReporter -->
<testsuite ignored="6" hostname="DESKTOP-G4F1SD9" failures="0" tests="2" name="Test_chrome" time="232.279" errors="0" timestamp="2025-08-18T16:53:28 IST">
  <testcase classname="usingPOM.contactbase" name="contactlastname" time="67.192"/>
  <testcase classname="TestNG_practise.Baseclassuses" name="openorg" time="39.235"/>
  <testcase classname="GenricUtility.BaseClass" name="@AfterSuite AreportBackup" time="0.0">
    <ignored/>
  </testcase> <!-- @AfterSuite AreportBackup -->
  <testcase classname="GenricUtility.BaseClass" name="@AfterTest objectClose" time="0.0">
    <ignored/>
  </testcase> <!-- @AfterTest objectClose -->
  <testcase classname="GenricUtility.BaseClass" name="@BeforeSuite DBconn" time="0.0">
    <ignored/>
  </testcase> <!-- @BeforeSuite DBconn -->
  <testcase classname="GenricUtility.BaseClass" name="@BeforeSuite Report" time="0.0">
    <ignored/>
  </testcase> <!-- @BeforeSuite Report -->
  <testcase classname="GenricUtility.BaseClass" name="@BeforeTest object" time="0.0">
    <ignored/>
  </testcase> <!-- @BeforeTest object -->
  <testcase classname="GenricUtility.BaseClass" name="@AfterSuite Dbclode" time="0.0">
    <ignored/>
  </testcase> <!-- @AfterSuite Dbclode -->
</testsuite> <!-- Test_chrome -->
