<?xml version="1.0" encoding="UTF-8"?>
<!-- Generated by org.testng.reporters.JUnitXMLReporter -->
<testsuite ignored="1" hostname="DESKTOP-G4F1SD9" failures="0" tests="1" name="Default test" time="81.499" errors="0" timestamp="2025-08-25T15:02:45 IST">
  <testcase classname="TestNG_practise.base1test" name="openorg" time="50.195"/>
  <testcase classname="TestNG_practise.base1test" name="contactlastname" time="0.0">
    <ignored/>
  </testcase> <!-- contactlastname -->
</testsuite> <!-- Default test -->
